<?xml version="1.0" encoding="UTF-8"?>
<!-- Generated by org.testng.reporters.JUnitReportReporter -->
<testsuite hostname="Armine-Home" failures="0" tests="6" name="api.test.DDTests" time="3.910" errors="0" timestamp="2023-11-09T18:43:21 PST" skipped="0">
  <testcase classname="api.test.DDTests" name="testPostUser" time="0.455"/>
  <system-out/>
  <testcase classname="api.test.DDTests" name="testPostUser" time="1.613"/>
  <system-out/>
  <testcase classname="api.test.DDTests" name="testPostUser" time="0.445"/>
  <system-out/>
  <testcase classname="api.test.DDTests" name="testDeleteUser" time="0.438"/>
  <system-out/>
  <testcase classname="api.test.DDTests" name="testDeleteUser" time="0.495"/>
  <system-out/>
  <testcase classname="api.test.DDTests" name="testDeleteUser" time="0.464"/>
  <system-out/>
</testsuite> <!-- api.test.DDTests -->
