<?xml version="1.0" encoding="UTF-8"?>
<!-- Generated by org.testng.reporters.JUnitReportReporter -->
<testsuite hostname="Armine-Home" failures="0" tests="4" name="api.test.userTests" time="3.451" errors="0" timestamp="2023-11-09T18:41:34 PST" skipped="0">
  <testcase classname="api.test.userTests" name="testPostUser" time="1.570"/>
  <system-out/>
  <testcase classname="api.test.userTests" name="testGetUserByname" time="0.499"/>
  <system-out/>
  <testcase classname="api.test.userTests" name="testUpdateUserByname" time="0.932"/>
  <system-out/>
  <testcase classname="api.test.userTests" name="testDeleteUserByName" time="0.450"/>
  <system-out/>
</testsuite> <!-- api.test.userTests -->
