<?xml version="1.0" encoding="UTF-8"?>
<!-- Generated by org.testng.reporters.JUnitReportReporter -->
<testsuite hostname="Armine-Home" failures="0" tests="4" name="api.test.userTests2" time="3.666" errors="0" timestamp="2023-11-09T19:06:20 PST" skipped="0">
  <testcase classname="api.test.userTests2" name="testPostUser" time="1.808"/>
  <system-out/>
  <testcase classname="api.test.userTests2" name="testGetUserByname" time="0.484"/>
  <system-out/>
  <testcase classname="api.test.userTests2" name="testUpdateUserByname" time="0.917"/>
  <system-out/>
  <testcase classname="api.test.userTests2" name="testDeleteUserByName" time="0.457"/>
  <system-out/>
</testsuite> <!-- api.test.userTests2 -->
