<?xml version="1.0" encoding="UTF-8"?>
<!-- Generated by org.testng.reporters.JUnitReportReporter -->
<testsuite hostname="Armine-Home" failures="0" tests="6" name="api.test.DDTests" time="4.152" errors="0" timestamp="2023-11-09T19:38:29 PST" skipped="0">
  <testcase classname="api.test.DDTests" name="testPostUser" time="0.493"/>
  <system-out/>
  <testcase classname="api.test.DDTests" name="testPostUser" time="0.460"/>
  <system-out/>
  <testcase classname="api.test.DDTests" name="testPostUser" time="1.815"/>
  <system-out/>
  <testcase classname="api.test.DDTests" name="testDeleteUser" time="0.482"/>
  <system-out/>
  <testcase classname="api.test.DDTests" name="testDeleteUser" time="0.450"/>
  <system-out/>
  <testcase classname="api.test.DDTests" name="testDeleteUser" time="0.452"/>
  <system-out/>
</testsuite> <!-- api.test.DDTests -->
